Using pre-set license
Built from '2020.3/staging' branch; Version is '2020.3.8f1 (507919d4fff5) revision 5273881'; Using compiler version '192528614'; Build Type 'Release'
OS: 'Windows 10 Home Single Language; OS build 19042.1288; Version 2009; 64bit' Language: 'tr' Physical Memory: 16282 MB
BatchMode: 1, IsHumanControllingUs: 0, StartBugReporterOnCrash: 0, Is64bit: 1, IsPro: 0

 COMMAND LINE ARGUMENTS:
C:\Program Files\Unity\Hub\Editor\2020.3.8f1\Editor\Unity.exe
-adb2
-batchMode
-noUpm
-name
AssetImportWorker0
-projectPath
C:/Users/SOLVERA/Desktop/CreateWithCode/RacingGame
-logFile
Logs/AssetImportWorker0.log
-srvPort
62169
Successfully changed project path to: C:/Users/SOLVERA/Desktop/CreateWithCode/RacingGame
C:/Users/SOLVERA/Desktop/CreateWithCode/RacingGame
Using Asset Import Pipeline V2.
Refreshing native plugins compatible for Editor in 33.95 ms, found 0 plugins.
Preloading 0 native plugins for Editor in 0.00 ms.
Initialize engine version: 2020.3.8f1 (507919d4fff5)
[Subsystems] Discovering subsystems at path C:/Program Files/Unity/Hub/Editor/2020.3.8f1/Editor/Data/Resources/UnitySubsystems
[Subsystems] Discovering subsystems at path C:/Users/SOLVERA/Desktop/CreateWithCode/RacingGame/Assets
GfxDevice: creating device client; threaded=0
Direct3D:
    Version:  Direct3D 11.0 [level 11.0]
    Renderer: NVIDIA GeForce GTX 960M (ID=0x139b)
    Vendor:   
    VRAM:     4055 MB
    Driver:   24.21.13.9924
Initialize mono
Mono path[0] = 'C:/Program Files/Unity/Hub/Editor/2020.3.8f1/Editor/Data/Managed'
Mono path[1] = 'C:/Program Files/Unity/Hub/Editor/2020.3.8f1/Editor/Data/MonoBleedingEdge/lib/mono/unityjit'
Mono config path = 'C:/Program Files/Unity/Hub/Editor/2020.3.8f1/Editor/Data/MonoBleedingEdge/etc'
Using monoOptions --debugger-agent=transport=dt_socket,embedding=1,server=y,suspend=n,address=127.0.0.1:56848
Begin MonoManager ReloadAssembly
Registering precompiled unity dll's ...
Register platform support module: C:/Program Files/Unity/Hub/Editor/2020.3.8f1/Editor/Data/PlaybackEngines/WebGLSupport/UnityEditor.WebGL.Extensions.dll
Register platform support module: C:/Program Files/Unity/Hub/Editor/2020.3.8f1/Editor/Data/PlaybackEngines/WindowsStandaloneSupport/UnityEditor.WindowsStandalone.Extensions.dll
Registered in 0.002975 seconds.
Native extension for WindowsStandalone target not found
Native extension for WebGL target not found
Refreshing native plugins compatible for Editor in 32.78 ms, found 0 plugins.
Preloading 0 native plugins for Editor in 0.00 ms.
Mono: successfully reloaded assembly
- Completed reload, in  3.305 seconds
Platform modules already initialized, skipping
Registering precompiled user dll's ...
Registered in 0.001001 seconds.
Begin MonoManager ReloadAssembly
Native extension for WindowsStandalone target not found
Native extension for WebGL target not found
Refreshing native plugins compatible for Editor in 0.23 ms, found 0 plugins.
Preloading 0 native plugins for Editor in 0.00 ms.
Mono: successfully reloaded assembly
- Completed reload, in  1.166 seconds
Platform modules already initialized, skipping
========================================================================
Worker process is ready to serve import requests
Launched and connected shader compiler UnityShaderCompiler.exe after 0.07 seconds
Refreshing native plugins compatible for Editor in 0.25 ms, found 0 plugins.
Preloading 0 native plugins for Editor in 0.00 ms.
Unloading 1122 Unused Serialized files (Serialized files now loaded: 0)
System memory in use before: 69.7 MB.
System memory in use after: 69.8 MB.

Unloading 9 unused Assets to reduce memory usage. Loaded Objects now: 1581.
Total: 2.602900 ms (FindLiveObjects: 0.254800 ms CreateObjectMapping: 0.050300 ms MarkObjects: 2.154300 ms  DeleteObjects: 0.142200 ms)

========================================================================
Received Import Request.
  path: Assets/RacingGame/Scripts/Vehicle/BaseVehicle.cs
  artifactKey: Guid(92971faabd877824b8e30199dca14cda) Importer(815301076,1909f56bfc062723c751e8b465ee728b)
Start importing Assets/RacingGame/Scripts/Vehicle/BaseVehicle.cs using Guid(92971faabd877824b8e30199dca14cda) Importer(815301076,1909f56bfc062723c751e8b465ee728b)  -> (artifact id: 'b614b5d8a9b4a79b39d5e7a56c1b6782') in 0.071010 seconds
  Import took 0.073813 seconds .

========================================================================
Received Import Request.
  Time since last request: 6.429899 seconds.
  path: Assets/RacingGame/Scripts/Vehicle/VehicleSettings.cs
  artifactKey: Guid(e832a2a5b7dda9f44a136554db94ad07) Importer(815301076,1909f56bfc062723c751e8b465ee728b)
Start importing Assets/RacingGame/Scripts/Vehicle/VehicleSettings.cs using Guid(e832a2a5b7dda9f44a136554db94ad07) Importer(815301076,1909f56bfc062723c751e8b465ee728b)  -> (artifact id: '948c45ca36fff1af93b77a116d34ccaf') in 0.011695 seconds
  Import took 0.014382 seconds .

========================================================================
Received Import Request.
  Time since last request: 1.963606 seconds.
  path: Assets/RacingGame/Scripts/Vehicle/VehicleSettings.cs
  artifactKey: Guid(e832a2a5b7dda9f44a136554db94ad07) Importer(815301076,1909f56bfc062723c751e8b465ee728b)
Start importing Assets/RacingGame/Scripts/Vehicle/VehicleSettings.cs using Guid(e832a2a5b7dda9f44a136554db94ad07) Importer(815301076,1909f56bfc062723c751e8b465ee728b)  -> (artifact id: '948c45ca36fff1af93b77a116d34ccaf') in 0.007933 seconds
  Import took 0.012682 seconds .

========================================================================
Received Import Request.
  Time since last request: 662.409799 seconds.
  path: Assets/RacingGame/Scripts/Vehicle/VehicleSettings.cs
  artifactKey: Guid(e832a2a5b7dda9f44a136554db94ad07) Importer(815301076,1909f56bfc062723c751e8b465ee728b)
Start importing Assets/RacingGame/Scripts/Vehicle/VehicleSettings.cs using Guid(e832a2a5b7dda9f44a136554db94ad07) Importer(815301076,1909f56bfc062723c751e8b465ee728b)  -> (artifact id: '5907b3548f1a675829d6d99f8285e472') in 0.007972 seconds
  Import took 0.014716 seconds .

========================================================================
Received Import Request.
  Time since last request: 196.603249 seconds.
  path: Assets/RacingGame/Scripts/Vehicle/VehicleSettings.cs
  artifactKey: Guid(e832a2a5b7dda9f44a136554db94ad07) Importer(815301076,1909f56bfc062723c751e8b465ee728b)
Start importing Assets/RacingGame/Scripts/Vehicle/VehicleSettings.cs using Guid(e832a2a5b7dda9f44a136554db94ad07) Importer(815301076,1909f56bfc062723c751e8b465ee728b)  -> (artifact id: '00000000000000000000000000000000') in 0.001102 seconds
  ERROR: Build asset version error: assets/racinggame/scripts/vehicle/vehiclesettings.cs in SourceAssetDB has modification time of '2021-11-10T04:28:29.0330042Z' while content on disk has modification time of '2021-11-10T04:28:29.2070039Z'
  Import took 0.005738 seconds .

========================================================================
Received Import Request.
  Time since last request: 0.079801 seconds.
  path: Assets/RacingGame/Scripts/Vehicle/VehicleSettings.cs
  artifactKey: Guid(e832a2a5b7dda9f44a136554db94ad07) Importer(815301076,1909f56bfc062723c751e8b465ee728b)
Start importing Assets/RacingGame/Scripts/Vehicle/VehicleSettings.cs using Guid(e832a2a5b7dda9f44a136554db94ad07) Importer(815301076,1909f56bfc062723c751e8b465ee728b)  -> (artifact id: '00000000000000000000000000000000') in 0.000879 seconds
  ERROR: Build asset version error: assets/racinggame/scripts/vehicle/vehiclesettings.cs in SourceAssetDB has modification time of '2021-11-10T04:28:29.0330042Z' while content on disk has modification time of '2021-11-10T04:28:29.2070039Z'
  Import took 0.006109 seconds .

========================================================================
Received Import Request.
  Time since last request: 0.083355 seconds.
  path: Assets/RacingGame/Scripts/Vehicle/VehicleSettings.cs
  artifactKey: Guid(e832a2a5b7dda9f44a136554db94ad07) Importer(815301076,1909f56bfc062723c751e8b465ee728b)
Start importing Assets/RacingGame/Scripts/Vehicle/VehicleSettings.cs using Guid(e832a2a5b7dda9f44a136554db94ad07) Importer(815301076,1909f56bfc062723c751e8b465ee728b)  -> (artifact id: 'bd4f3908025b6ca3b79801300d72f7e1') in 0.007129 seconds
  Import took 0.011589 seconds .

========================================================================
Received Prepare
Registering precompiled user dll's ...
Registered in 0.000818 seconds.
Begin MonoManager ReloadAssembly
Native extension for WindowsStandalone target not found
Native extension for WebGL target not found
Refreshing native plugins compatible for Editor in 0.37 ms, found 0 plugins.
Preloading 0 native plugins for Editor in 0.00 ms.
Mono: successfully reloaded assembly
- Completed reload, in  1.443 seconds
Platform modules already initialized, skipping
Refreshing native plugins compatible for Editor in 0.42 ms, found 0 plugins.
Preloading 0 native plugins for Editor in 0.00 ms.
Unloading 1117 Unused Serialized files (Serialized files now loaded: 0)
System memory in use before: 69.7 MB.
System memory in use after: 69.8 MB.

Unloading 5 unused Assets to reduce memory usage. Loaded Objects now: 1584.
Total: 3.076100 ms (FindLiveObjects: 0.170100 ms CreateObjectMapping: 0.044700 ms MarkObjects: 2.734500 ms  DeleteObjects: 0.125000 ms)

========================================================================
Received Prepare
Registering precompiled user dll's ...
Registered in 0.002814 seconds.
Begin MonoManager ReloadAssembly
Native extension for WindowsStandalone target not found
Native extension for WebGL target not found
Refreshing native plugins compatible for Editor in 0.57 ms, found 0 plugins.
Preloading 0 native plugins for Editor in 0.00 ms.
Mono: successfully reloaded assembly
- Completed reload, in  2.468 seconds
Platform modules already initialized, skipping
Refreshing native plugins compatible for Editor in 0.31 ms, found 0 plugins.
Preloading 0 native plugins for Editor in 0.00 ms.
Unloading 1117 Unused Serialized files (Serialized files now loaded: 0)
System memory in use before: 69.6 MB.
System memory in use after: 69.7 MB.

Unloading 5 unused Assets to reduce memory usage. Loaded Objects now: 1587.
Total: 2.192300 ms (FindLiveObjects: 0.141500 ms CreateObjectMapping: 0.034000 ms MarkObjects: 1.833400 ms  DeleteObjects: 0.182300 ms)

========================================================================
Received Prepare
Registering precompiled user dll's ...
Registered in 0.004121 seconds.
Begin MonoManager ReloadAssembly
Native extension for WindowsStandalone target not found
Native extension for WebGL target not found
Refreshing native plugins compatible for Editor in 0.67 ms, found 0 plugins.
Preloading 0 native plugins for Editor in 0.00 ms.
Mono: successfully reloaded assembly
- Completed reload, in  3.898 seconds
Platform modules already initialized, skipping
Refreshing native plugins compatible for Editor in 0.61 ms, found 0 plugins.
Preloading 0 native plugins for Editor in 0.00 ms.
Unloading 1117 Unused Serialized files (Serialized files now loaded: 0)
System memory in use before: 69.7 MB.
System memory in use after: 69.7 MB.

Unloading 5 unused Assets to reduce memory usage. Loaded Objects now: 1590.
Total: 9.840000 ms (FindLiveObjects: 0.571200 ms CreateObjectMapping: 0.212700 ms MarkObjects: 8.651100 ms  DeleteObjects: 0.400400 ms)

AssetImportWorkerClient::OnTransportError - code=2 error=End of file
